2023-12-22 11:24:12,354-[INFO] [Thread-3 (process_request_thread)] (views:70) request is from not react front end so assign request.data directly
2023-12-22 11:24:12,458-[INFO] [Thread-3 (process_request_thread)] (views:79) Recieved valid data, saving into database.
2023-12-22 11:24:17,441-[INFO] [Thread-3 (process_request_thread)] (views:20) api get_orders is called.
2023-12-22 11:24:17,441-[INFO] [Thread-3 (process_request_thread)] (views:27) Can't find records with given id bhargav, proceeding to find records with username.
2023-12-22 11:24:17,541-[INFO] [Thread-3 (process_request_thread)] (views:34) Records found with given username bhargav.
2023-12-22 11:24:17,541-[INFO] [Thread-3 (process_request_thread)] (views:47) GET method is triggered.
2023-12-22 11:24:17,541-[INFO] [Thread-3 (process_request_thread)] (views:59) Returning records with given id/username-bhargav
2023-12-22 11:24:17,549-[INFO] [Thread-3 (process_request_thread)] (views:20) api get_orders is called.
2023-12-22 11:24:17,549-[INFO] [Thread-3 (process_request_thread)] (views:27) Can't find records with given id bhargav, proceeding to find records with username.
2023-12-22 11:24:17,650-[INFO] [Thread-3 (process_request_thread)] (views:34) Records found with given username bhargav.
2023-12-22 11:24:17,650-[INFO] [Thread-3 (process_request_thread)] (views:47) GET method is triggered.
2023-12-22 11:24:17,650-[INFO] [Thread-3 (process_request_thread)] (views:59) Returning records with given id/username-bhargav
2023-12-22 11:25:21,194-[INFO] [MainThread] (autoreload:266) D:\allprojects\OMSReactApp\Backend\api\views.py changed, reloading.
2023-12-22 11:25:28,100-[INFO] [MainThread] (autoreload:266) D:\allprojects\OMSReactApp\Backend\api\views.py changed, reloading.
2023-12-22 11:26:17,711-[INFO] [Thread-1 (process_request_thread)] (views:20) api get_orders is called.
2023-12-22 11:26:17,808-[INFO] [Thread-1 (process_request_thread)] (views:25) Records found with given id-2
2023-12-22 11:26:17,808-[INFO] [Thread-1 (process_request_thread)] (views:84) PUT method is triggered.
2023-12-22 11:26:17,808-[INFO] [Thread-1 (process_request_thread)] (views:86) Getting preexisting order values and combining it with received ney key,value pair and username
2023-12-22 11:26:17,820-[INFO] [Thread-1 (process_request_thread)] (views:93) Recieved valid data, updating database.
2023-12-22 11:26:20,695-[INFO] [Thread-1 (process_request_thread)] (views:20) api get_orders is called.
2023-12-22 11:26:20,695-[INFO] [Thread-1 (process_request_thread)] (views:27) Can't find records with given id bhargav, proceeding to find records with username.
2023-12-22 11:26:20,817-[INFO] [Thread-1 (process_request_thread)] (views:34) Records found with given username bhargav.
2023-12-22 11:26:20,817-[INFO] [Thread-1 (process_request_thread)] (views:47) GET method is triggered.
2023-12-22 11:26:20,817-[INFO] [Thread-1 (process_request_thread)] (views:59) Returning records with given id/username-bhargav
2023-12-22 11:26:20,822-[INFO] [Thread-1 (process_request_thread)] (views:20) api get_orders is called.
2023-12-22 11:26:20,822-[INFO] [Thread-1 (process_request_thread)] (views:27) Can't find records with given id bhargav, proceeding to find records with username.
2023-12-22 11:26:20,925-[INFO] [Thread-1 (process_request_thread)] (views:34) Records found with given username bhargav.
2023-12-22 11:26:20,925-[INFO] [Thread-1 (process_request_thread)] (views:47) GET method is triggered.
2023-12-22 11:26:20,925-[INFO] [Thread-1 (process_request_thread)] (views:59) Returning records with given id/username-bhargav
2023-12-22 11:36:20,737-[INFO] [Thread-2 (process_request_thread)] (views:120) api get_login is called
2023-12-22 11:36:20,737-[INFO] [Thread-2 (process_request_thread)] (views:123) Retrieving login record with username bhargav
2023-12-22 11:36:20,828-[INFO] [Thread-2 (process_request_thread)] (views:130) GET method is triggered.
2023-12-22 11:36:20,828-[INFO] [Thread-2 (process_request_thread)] (views:133) sending record with username bhargav
2023-12-22 11:36:22,399-[INFO] [Thread-2 (process_request_thread)] (views:20) api get_orders is called.
2023-12-22 11:36:22,401-[INFO] [Thread-2 (process_request_thread)] (views:27) Can't find records with given id bhargav, proceeding to find records with username.
2023-12-22 11:36:22,537-[INFO] [Thread-2 (process_request_thread)] (views:34) Records found with given username bhargav.
2023-12-22 11:36:22,537-[INFO] [Thread-2 (process_request_thread)] (views:47) GET method is triggered.
2023-12-22 11:36:22,537-[INFO] [Thread-2 (process_request_thread)] (views:59) Returning records with given id/username-bhargav
2023-12-22 11:36:22,544-[INFO] [Thread-2 (process_request_thread)] (views:20) api get_orders is called.
2023-12-22 11:36:22,544-[INFO] [Thread-2 (process_request_thread)] (views:27) Can't find records with given id bhargav, proceeding to find records with username.
2023-12-22 11:36:22,657-[INFO] [Thread-2 (process_request_thread)] (views:34) Records found with given username bhargav.
2023-12-22 11:36:22,657-[INFO] [Thread-2 (process_request_thread)] (views:47) GET method is triggered.
2023-12-22 11:36:22,657-[INFO] [Thread-2 (process_request_thread)] (views:59) Returning records with given id/username-bhargav
2023-12-22 11:37:05,254-[INFO] [Thread-3 (process_request_thread)] (views:20) api get_orders is called.
2023-12-22 11:37:05,255-[INFO] [Thread-3 (process_request_thread)] (views:27) Can't find records with given id bhargav, proceeding to find records with username.
2023-12-22 11:37:05,335-[INFO] [Thread-3 (process_request_thread)] (views:34) Records found with given username bhargav.
2023-12-22 11:37:05,335-[INFO] [Thread-3 (process_request_thread)] (views:47) GET method is triggered.
2023-12-22 11:37:05,335-[INFO] [Thread-3 (process_request_thread)] (views:59) Returning records with given id/username-bhargav
2023-12-22 11:37:05,346-[INFO] [Thread-3 (process_request_thread)] (views:20) api get_orders is called.
2023-12-22 11:37:05,346-[INFO] [Thread-3 (process_request_thread)] (views:27) Can't find records with given id bhargav, proceeding to find records with username.
2023-12-22 11:37:05,436-[INFO] [Thread-3 (process_request_thread)] (views:34) Records found with given username bhargav.
2023-12-22 11:37:05,436-[INFO] [Thread-3 (process_request_thread)] (views:47) GET method is triggered.
2023-12-22 11:37:05,436-[INFO] [Thread-3 (process_request_thread)] (views:59) Returning records with given id/username-bhargav
2023-12-22 11:38:10,437-[INFO] [Thread-3 (process_request_thread)] (views:20) api get_orders is called.
2023-12-22 11:38:10,437-[INFO] [Thread-3 (process_request_thread)] (views:27) Can't find records with given id bhargav, proceeding to find records with username.
2023-12-22 11:38:10,520-[INFO] [Thread-3 (process_request_thread)] (views:34) Records found with given username bhargav.
2023-12-22 11:38:10,520-[INFO] [Thread-3 (process_request_thread)] (views:47) GET method is triggered.
2023-12-22 11:38:10,520-[INFO] [Thread-3 (process_request_thread)] (views:59) Returning records with given id/username-bhargav
2023-12-22 11:38:20,437-[INFO] [Thread-3 (process_request_thread)] (views:20) api get_orders is called.
2023-12-22 11:38:20,438-[INFO] [Thread-3 (process_request_thread)] (views:27) Can't find records with given id bhargav, proceeding to find records with username.
2023-12-22 11:38:20,521-[INFO] [Thread-3 (process_request_thread)] (views:34) Records found with given username bhargav.
2023-12-22 11:38:20,529-[INFO] [Thread-3 (process_request_thread)] (views:47) GET method is triggered.
2023-12-22 11:38:20,529-[INFO] [Thread-3 (process_request_thread)] (views:59) Returning records with given id/username-bhargav
2023-12-22 11:38:22,440-[INFO] [Thread-3 (process_request_thread)] (views:20) api get_orders is called.
2023-12-22 11:38:22,440-[INFO] [Thread-3 (process_request_thread)] (views:27) Can't find records with given id bhargav, proceeding to find records with username.
2023-12-22 11:38:22,509-[INFO] [Thread-3 (process_request_thread)] (views:34) Records found with given username bhargav.
2023-12-22 11:38:22,509-[INFO] [Thread-3 (process_request_thread)] (views:47) GET method is triggered.
2023-12-22 11:38:22,509-[INFO] [Thread-3 (process_request_thread)] (views:59) Returning records with given id/username-bhargav
2023-12-22 11:38:24,445-[INFO] [Thread-3 (process_request_thread)] (views:20) api get_orders is called.
2023-12-22 11:38:24,446-[INFO] [Thread-3 (process_request_thread)] (views:27) Can't find records with given id bhargav, proceeding to find records with username.
2023-12-22 11:38:24,538-[INFO] [Thread-3 (process_request_thread)] (views:34) Records found with given username bhargav.
2023-12-22 11:38:24,538-[INFO] [Thread-3 (process_request_thread)] (views:47) GET method is triggered.
2023-12-22 11:38:24,538-[INFO] [Thread-3 (process_request_thread)] (views:59) Returning records with given id/username-bhargav
2023-12-22 11:38:27,441-[INFO] [Thread-3 (process_request_thread)] (views:20) api get_orders is called.
2023-12-22 11:38:27,442-[INFO] [Thread-3 (process_request_thread)] (views:27) Can't find records with given id bhargav, proceeding to find records with username.
2023-12-22 11:38:27,526-[INFO] [Thread-3 (process_request_thread)] (views:34) Records found with given username bhargav.
2023-12-22 11:38:27,526-[INFO] [Thread-3 (process_request_thread)] (views:47) GET method is triggered.
2023-12-22 11:38:27,526-[INFO] [Thread-3 (process_request_thread)] (views:59) Returning records with given id/username-bhargav
2023-12-22 11:39:53,292-[INFO] [Thread-3 (process_request_thread)] (views:20) api get_orders is called.
2023-12-22 11:39:53,292-[INFO] [Thread-3 (process_request_thread)] (views:27) Can't find records with given id bhargav, proceeding to find records with username.
2023-12-22 11:39:53,399-[INFO] [Thread-3 (process_request_thread)] (views:34) Records found with given username bhargav.
2023-12-22 11:39:53,399-[INFO] [Thread-3 (process_request_thread)] (views:47) GET method is triggered.
2023-12-22 11:39:53,399-[INFO] [Thread-3 (process_request_thread)] (views:59) Returning records with given id/username-bhargav
2023-12-22 11:39:53,412-[INFO] [Thread-3 (process_request_thread)] (views:20) api get_orders is called.
2023-12-22 11:39:53,412-[INFO] [Thread-3 (process_request_thread)] (views:27) Can't find records with given id bhargav, proceeding to find records with username.
2023-12-22 11:39:53,509-[INFO] [Thread-3 (process_request_thread)] (views:34) Records found with given username bhargav.
2023-12-22 11:39:53,509-[INFO] [Thread-3 (process_request_thread)] (views:47) GET method is triggered.
2023-12-22 11:39:53,509-[INFO] [Thread-3 (process_request_thread)] (views:59) Returning records with given id/username-bhargav
2023-12-22 11:40:09,885-[INFO] [Thread-3 (process_request_thread)] (views:20) api get_orders is called.
2023-12-22 11:40:09,886-[INFO] [Thread-3 (process_request_thread)] (views:27) Can't find records with given id bhargav, proceeding to find records with username.
2023-12-22 11:40:09,988-[INFO] [Thread-3 (process_request_thread)] (views:34) Records found with given username bhargav.
2023-12-22 11:40:09,988-[INFO] [Thread-3 (process_request_thread)] (views:47) GET method is triggered.
2023-12-22 11:40:09,988-[INFO] [Thread-3 (process_request_thread)] (views:59) Returning records with given id/username-bhargav
2023-12-22 11:40:09,993-[INFO] [Thread-3 (process_request_thread)] (views:20) api get_orders is called.
2023-12-22 11:40:09,996-[INFO] [Thread-3 (process_request_thread)] (views:27) Can't find records with given id bhargav, proceeding to find records with username.
2023-12-22 11:40:10,100-[INFO] [Thread-3 (process_request_thread)] (views:34) Records found with given username bhargav.
2023-12-22 11:40:10,100-[INFO] [Thread-3 (process_request_thread)] (views:47) GET method is triggered.
2023-12-22 11:40:10,100-[INFO] [Thread-3 (process_request_thread)] (views:59) Returning records with given id/username-bhargav
2023-12-22 11:40:20,242-[INFO] [Thread-3 (process_request_thread)] (views:20) api get_orders is called.
2023-12-22 11:40:20,242-[INFO] [Thread-3 (process_request_thread)] (views:27) Can't find records with given id undefined, proceeding to find records with username.
2023-12-22 11:40:20,369-[WARNING] [Thread-3 (process_request_thread)] (log:241) Not Found: /api/get_orders/undefined
2023-12-22 11:41:03,431-[INFO] [Thread-3 (process_request_thread)] (views:20) api get_orders is called.
2023-12-22 11:41:03,431-[INFO] [Thread-3 (process_request_thread)] (views:27) Can't find records with given id bhargav, proceeding to find records with username.
2023-12-22 11:41:03,519-[INFO] [Thread-3 (process_request_thread)] (views:34) Records found with given username bhargav.
2023-12-22 11:41:03,519-[INFO] [Thread-3 (process_request_thread)] (views:47) GET method is triggered.
2023-12-22 11:41:03,519-[INFO] [Thread-3 (process_request_thread)] (views:59) Returning records with given id/username-bhargav
2023-12-22 11:41:13,438-[INFO] [Thread-3 (process_request_thread)] (views:20) api get_orders is called.
2023-12-22 11:41:13,438-[INFO] [Thread-3 (process_request_thread)] (views:27) Can't find records with given id bhargav, proceeding to find records with username.
2023-12-22 11:41:13,541-[INFO] [Thread-3 (process_request_thread)] (views:34) Records found with given username bhargav.
2023-12-22 11:41:13,541-[INFO] [Thread-3 (process_request_thread)] (views:47) GET method is triggered.
2023-12-22 11:41:13,541-[INFO] [Thread-3 (process_request_thread)] (views:59) Returning records with given id/username-bhargav
2023-12-22 11:41:18,424-[INFO] [Thread-3 (process_request_thread)] (views:20) api get_orders is called.
2023-12-22 11:41:18,424-[INFO] [Thread-3 (process_request_thread)] (views:27) Can't find records with given id bhargav, proceeding to find records with username.
2023-12-22 11:41:18,527-[INFO] [Thread-3 (process_request_thread)] (views:34) Records found with given username bhargav.
2023-12-22 11:41:18,527-[INFO] [Thread-3 (process_request_thread)] (views:47) GET method is triggered.
2023-12-22 11:41:18,527-[INFO] [Thread-3 (process_request_thread)] (views:59) Returning records with given id/username-bhargav
2023-12-22 11:41:20,423-[INFO] [Thread-3 (process_request_thread)] (views:20) api get_orders is called.
2023-12-22 11:41:20,423-[INFO] [Thread-3 (process_request_thread)] (views:27) Can't find records with given id bhargav, proceeding to find records with username.
2023-12-22 11:41:20,513-[INFO] [Thread-3 (process_request_thread)] (views:34) Records found with given username bhargav.
2023-12-22 11:41:20,513-[INFO] [Thread-3 (process_request_thread)] (views:47) GET method is triggered.
2023-12-22 11:41:20,513-[INFO] [Thread-3 (process_request_thread)] (views:59) Returning records with given id/username-bhargav
2023-12-22 11:41:33,443-[INFO] [Thread-3 (process_request_thread)] (views:20) api get_orders is called.
2023-12-22 11:41:33,443-[INFO] [Thread-3 (process_request_thread)] (views:27) Can't find records with given id bhargav, proceeding to find records with username.
2023-12-22 11:41:33,531-[INFO] [Thread-3 (process_request_thread)] (views:34) Records found with given username bhargav.
2023-12-22 11:41:33,531-[INFO] [Thread-3 (process_request_thread)] (views:47) GET method is triggered.
2023-12-22 11:41:33,531-[INFO] [Thread-3 (process_request_thread)] (views:59) Returning records with given id/username-bhargav
2023-12-22 11:41:39,430-[INFO] [Thread-3 (process_request_thread)] (views:20) api get_orders is called.
2023-12-22 11:41:39,430-[INFO] [Thread-3 (process_request_thread)] (views:27) Can't find records with given id bhargav, proceeding to find records with username.
2023-12-22 11:41:39,529-[INFO] [Thread-3 (process_request_thread)] (views:34) Records found with given username bhargav.
2023-12-22 11:41:39,529-[INFO] [Thread-3 (process_request_thread)] (views:47) GET method is triggered.
2023-12-22 11:41:39,529-[INFO] [Thread-3 (process_request_thread)] (views:59) Returning records with given id/username-bhargav
2023-12-22 11:41:43,426-[INFO] [Thread-3 (process_request_thread)] (views:20) api get_orders is called.
2023-12-22 11:41:43,426-[INFO] [Thread-3 (process_request_thread)] (views:27) Can't find records with given id bhargav, proceeding to find records with username.
2023-12-22 11:41:43,526-[INFO] [Thread-3 (process_request_thread)] (views:34) Records found with given username bhargav.
2023-12-22 11:41:43,526-[INFO] [Thread-3 (process_request_thread)] (views:47) GET method is triggered.
2023-12-22 11:41:43,526-[INFO] [Thread-3 (process_request_thread)] (views:59) Returning records with given id/username-bhargav
2023-12-22 11:41:47,438-[INFO] [Thread-3 (process_request_thread)] (views:20) api get_orders is called.
2023-12-22 11:41:47,439-[INFO] [Thread-3 (process_request_thread)] (views:27) Can't find records with given id bhargav, proceeding to find records with username.
2023-12-22 11:41:47,538-[INFO] [Thread-3 (process_request_thread)] (views:34) Records found with given username bhargav.
2023-12-22 11:41:47,538-[INFO] [Thread-3 (process_request_thread)] (views:47) GET method is triggered.
2023-12-22 11:41:47,538-[INFO] [Thread-3 (process_request_thread)] (views:59) Returning records with given id/username-bhargav
2023-12-22 11:41:56,430-[INFO] [Thread-3 (process_request_thread)] (views:20) api get_orders is called.
2023-12-22 11:41:56,430-[INFO] [Thread-3 (process_request_thread)] (views:27) Can't find records with given id bhargav, proceeding to find records with username.
2023-12-22 11:41:56,617-[INFO] [Thread-3 (process_request_thread)] (views:34) Records found with given username bhargav.
2023-12-22 11:41:56,617-[INFO] [Thread-3 (process_request_thread)] (views:47) GET method is triggered.
2023-12-22 11:41:56,617-[INFO] [Thread-3 (process_request_thread)] (views:59) Returning records with given id/username-bhargav
2023-12-22 11:42:13,437-[INFO] [Thread-3 (process_request_thread)] (views:20) api get_orders is called.
2023-12-22 11:42:13,438-[INFO] [Thread-3 (process_request_thread)] (views:27) Can't find records with given id bhargav, proceeding to find records with username.
2023-12-22 11:42:13,525-[INFO] [Thread-3 (process_request_thread)] (views:34) Records found with given username bhargav.
2023-12-22 11:42:13,525-[INFO] [Thread-3 (process_request_thread)] (views:47) GET method is triggered.
2023-12-22 11:42:13,531-[INFO] [Thread-3 (process_request_thread)] (views:59) Returning records with given id/username-bhargav
2023-12-22 11:42:28,173-[INFO] [Thread-3 (process_request_thread)] (views:20) api get_orders is called.
2023-12-22 11:42:28,368-[INFO] [Thread-3 (process_request_thread)] (views:25) Records found with given id-2
2023-12-22 11:42:28,368-[INFO] [Thread-3 (process_request_thread)] (views:84) PUT method is triggered.
2023-12-22 11:42:28,368-[INFO] [Thread-3 (process_request_thread)] (views:86) Getting preexisting order values and combining it with received ney key,value pair and username
2023-12-22 11:42:28,379-[INFO] [Thread-3 (process_request_thread)] (views:93) Recieved valid data, updating database.
2023-12-22 11:42:32,423-[INFO] [Thread-3 (process_request_thread)] (views:20) api get_orders is called.
2023-12-22 11:42:32,423-[INFO] [Thread-3 (process_request_thread)] (views:27) Can't find records with given id bhargav, proceeding to find records with username.
2023-12-22 11:42:32,522-[INFO] [Thread-3 (process_request_thread)] (views:34) Records found with given username bhargav.
2023-12-22 11:42:32,522-[INFO] [Thread-3 (process_request_thread)] (views:47) GET method is triggered.
2023-12-22 11:42:32,522-[INFO] [Thread-3 (process_request_thread)] (views:59) Returning records with given id/username-bhargav
2023-12-22 11:42:32,527-[INFO] [Thread-3 (process_request_thread)] (views:20) api get_orders is called.
2023-12-22 11:42:32,530-[INFO] [Thread-3 (process_request_thread)] (views:27) Can't find records with given id bhargav, proceeding to find records with username.
2023-12-22 11:42:32,715-[INFO] [Thread-3 (process_request_thread)] (views:34) Records found with given username bhargav.
2023-12-22 11:42:32,715-[INFO] [Thread-3 (process_request_thread)] (views:47) GET method is triggered.
2023-12-22 11:42:32,715-[INFO] [Thread-3 (process_request_thread)] (views:59) Returning records with given id/username-bhargav
2023-12-22 11:42:53,616-[INFO] [Thread-3 (process_request_thread)] (views:20) api get_orders is called.
2023-12-22 11:42:53,617-[INFO] [Thread-3 (process_request_thread)] (views:27) Can't find records with given id bhargav, proceeding to find records with username.
2023-12-22 11:42:53,731-[INFO] [Thread-3 (process_request_thread)] (views:34) Records found with given username bhargav.
2023-12-22 11:42:53,731-[INFO] [Thread-3 (process_request_thread)] (views:47) GET method is triggered.
2023-12-22 11:42:53,731-[INFO] [Thread-3 (process_request_thread)] (views:59) Returning records with given id/username-bhargav
2023-12-22 11:42:53,738-[INFO] [Thread-3 (process_request_thread)] (views:20) api get_orders is called.
2023-12-22 11:42:53,738-[INFO] [Thread-3 (process_request_thread)] (views:27) Can't find records with given id bhargav, proceeding to find records with username.
2023-12-22 11:42:53,844-[INFO] [Thread-3 (process_request_thread)] (views:34) Records found with given username bhargav.
2023-12-22 11:42:53,844-[INFO] [Thread-3 (process_request_thread)] (views:47) GET method is triggered.
2023-12-22 11:42:53,846-[INFO] [Thread-3 (process_request_thread)] (views:59) Returning records with given id/username-bhargav
2023-12-22 11:43:04,981-[INFO] [Thread-3 (process_request_thread)] (views:20) api get_orders is called.
2023-12-22 11:43:05,085-[INFO] [Thread-3 (process_request_thread)] (views:25) Records found with given id-3
2023-12-22 11:43:05,085-[INFO] [Thread-3 (process_request_thread)] (views:84) PUT method is triggered.
2023-12-22 11:43:05,085-[INFO] [Thread-3 (process_request_thread)] (views:86) Getting preexisting order values and combining it with received ney key,value pair and username
2023-12-22 11:43:05,085-[INFO] [Thread-3 (process_request_thread)] (views:93) Recieved valid data, updating database.
2023-12-22 11:43:08,613-[INFO] [Thread-3 (process_request_thread)] (views:20) api get_orders is called.
2023-12-22 11:43:08,614-[INFO] [Thread-3 (process_request_thread)] (views:27) Can't find records with given id bhargav, proceeding to find records with username.
2023-12-22 11:43:08,720-[INFO] [Thread-3 (process_request_thread)] (views:34) Records found with given username bhargav.
2023-12-22 11:43:08,720-[INFO] [Thread-3 (process_request_thread)] (views:47) GET method is triggered.
2023-12-22 11:43:08,720-[INFO] [Thread-3 (process_request_thread)] (views:59) Returning records with given id/username-bhargav
2023-12-22 11:43:08,725-[INFO] [Thread-3 (process_request_thread)] (views:20) api get_orders is called.
2023-12-22 11:43:08,727-[INFO] [Thread-3 (process_request_thread)] (views:27) Can't find records with given id bhargav, proceeding to find records with username.
2023-12-22 11:43:08,835-[INFO] [Thread-3 (process_request_thread)] (views:34) Records found with given username bhargav.
2023-12-22 11:43:08,835-[INFO] [Thread-3 (process_request_thread)] (views:47) GET method is triggered.
2023-12-22 11:43:08,835-[INFO] [Thread-3 (process_request_thread)] (views:59) Returning records with given id/username-bhargav
2023-12-22 11:43:12,944-[INFO] [Thread-3 (process_request_thread)] (views:20) api get_orders is called.
2023-12-22 11:43:12,945-[INFO] [Thread-3 (process_request_thread)] (views:27) Can't find records with given id bhargav, proceeding to find records with username.
2023-12-22 11:43:13,049-[INFO] [Thread-3 (process_request_thread)] (views:34) Records found with given username bhargav.
2023-12-22 11:43:13,049-[INFO] [Thread-3 (process_request_thread)] (views:47) GET method is triggered.
2023-12-22 11:43:13,049-[INFO] [Thread-3 (process_request_thread)] (views:59) Returning records with given id/username-bhargav
2023-12-22 11:43:13,056-[INFO] [Thread-3 (process_request_thread)] (views:20) api get_orders is called.
2023-12-22 11:43:13,056-[INFO] [Thread-3 (process_request_thread)] (views:27) Can't find records with given id bhargav, proceeding to find records with username.
2023-12-22 11:43:13,162-[INFO] [Thread-3 (process_request_thread)] (views:34) Records found with given username bhargav.
2023-12-22 11:43:13,162-[INFO] [Thread-3 (process_request_thread)] (views:47) GET method is triggered.
2023-12-22 11:43:13,162-[INFO] [Thread-3 (process_request_thread)] (views:59) Returning records with given id/username-bhargav
2023-12-22 11:43:39,886-[INFO] [Thread-3 (process_request_thread)] (views:20) api get_orders is called.
2023-12-22 11:43:39,977-[INFO] [Thread-3 (process_request_thread)] (views:25) Records found with given id-3
2023-12-22 11:43:39,977-[INFO] [Thread-3 (process_request_thread)] (views:104) DELETE method is triggered.
2023-12-22 11:43:39,977-[INFO] [Thread-3 (process_request_thread)] (views:106) Deleting record of a order with id 3
2023-12-22 11:43:43,372-[INFO] [Thread-3 (process_request_thread)] (views:20) api get_orders is called.
2023-12-22 11:43:43,372-[INFO] [Thread-3 (process_request_thread)] (views:27) Can't find records with given id bhargav, proceeding to find records with username.
2023-12-22 11:43:43,579-[INFO] [Thread-3 (process_request_thread)] (views:34) Records found with given username bhargav.
2023-12-22 11:43:43,579-[INFO] [Thread-3 (process_request_thread)] (views:47) GET method is triggered.
2023-12-22 11:43:43,579-[INFO] [Thread-3 (process_request_thread)] (views:59) Returning records with given id/username-bhargav
2023-12-22 11:43:43,587-[INFO] [Thread-3 (process_request_thread)] (views:20) api get_orders is called.
2023-12-22 11:43:43,588-[INFO] [Thread-3 (process_request_thread)] (views:27) Can't find records with given id bhargav, proceeding to find records with username.
2023-12-22 11:43:43,686-[INFO] [Thread-3 (process_request_thread)] (views:34) Records found with given username bhargav.
2023-12-22 11:43:43,686-[INFO] [Thread-3 (process_request_thread)] (views:47) GET method is triggered.
2023-12-22 11:43:43,686-[INFO] [Thread-3 (process_request_thread)] (views:59) Returning records with given id/username-bhargav
2023-12-22 11:43:48,919-[INFO] [Thread-3 (process_request_thread)] (views:20) api get_orders is called.
2023-12-22 11:43:48,920-[INFO] [Thread-3 (process_request_thread)] (views:27) Can't find records with given id bhargav, proceeding to find records with username.
2023-12-22 11:43:49,012-[INFO] [Thread-3 (process_request_thread)] (views:34) Records found with given username bhargav.
2023-12-22 11:43:49,012-[INFO] [Thread-3 (process_request_thread)] (views:47) GET method is triggered.
2023-12-22 11:43:49,012-[INFO] [Thread-3 (process_request_thread)] (views:59) Returning records with given id/username-bhargav
2023-12-22 11:43:49,025-[INFO] [Thread-3 (process_request_thread)] (views:20) api get_orders is called.
2023-12-22 11:43:49,030-[INFO] [Thread-3 (process_request_thread)] (views:27) Can't find records with given id bhargav, proceeding to find records with username.
2023-12-22 11:43:49,124-[INFO] [Thread-3 (process_request_thread)] (views:34) Records found with given username bhargav.
2023-12-22 11:43:49,124-[INFO] [Thread-3 (process_request_thread)] (views:47) GET method is triggered.
2023-12-22 11:43:49,125-[INFO] [Thread-3 (process_request_thread)] (views:59) Returning records with given id/username-bhargav
2023-12-22 11:44:21,380-[INFO] [Thread-3 (process_request_thread)] (views:20) api get_orders is called.
2023-12-22 11:44:21,380-[INFO] [Thread-3 (process_request_thread)] (views:27) Can't find records with given id bhargav, proceeding to find records with username.
2023-12-22 11:44:21,490-[INFO] [Thread-3 (process_request_thread)] (views:34) Records found with given username bhargav.
2023-12-22 11:44:21,490-[INFO] [Thread-3 (process_request_thread)] (views:47) GET method is triggered.
2023-12-22 11:44:21,490-[INFO] [Thread-3 (process_request_thread)] (views:59) Returning records with given id/username-bhargav
2023-12-22 11:44:21,502-[INFO] [Thread-3 (process_request_thread)] (views:20) api get_orders is called.
2023-12-22 11:44:21,502-[INFO] [Thread-3 (process_request_thread)] (views:27) Can't find records with given id bhargav, proceeding to find records with username.
2023-12-22 11:44:21,617-[INFO] [Thread-3 (process_request_thread)] (views:34) Records found with given username bhargav.
2023-12-22 11:44:21,617-[INFO] [Thread-3 (process_request_thread)] (views:47) GET method is triggered.
2023-12-22 11:44:21,618-[INFO] [Thread-3 (process_request_thread)] (views:59) Returning records with given id/username-bhargav
2023-12-22 11:47:43,465-[INFO] [MainThread] (autoreload:266) D:\allprojects\OMSReactApp\Backend\api\views.py changed, reloading.
2023-12-22 11:47:49,457-[INFO] [MainThread] (autoreload:266) D:\allprojects\OMSReactApp\Backend\api\views.py changed, reloading.
2023-12-22 11:47:56,368-[INFO] [MainThread] (autoreload:266) D:\allprojects\OMSReactApp\Backend\api\views.py changed, reloading.
2023-12-22 11:50:00,135-[INFO] [MainThread] (autoreload:266) D:\allprojects\OMSReactApp\Backend\api\views.py changed, reloading.
2023-12-22 11:50:48,380-[INFO] [MainThread] (autoreload:266) D:\allprojects\OMSReactApp\Backend\api\views.py changed, reloading.
2023-12-22 11:50:51,981-[INFO] [MainThread] (autoreload:266) D:\allprojects\OMSReactApp\Backend\api\views.py changed, reloading.
2023-12-22 11:51:01,652-[INFO] [MainThread] (autoreload:266) D:\allprojects\OMSReactApp\Backend\api\views.py changed, reloading.
2023-12-22 11:53:31,027-[INFO] [MainThread] (autoreload:266) D:\allprojects\OMSReactApp\Backend\api\views.py changed, reloading.
2023-12-22 11:53:34,611-[INFO] [MainThread] (autoreload:266) D:\allprojects\OMSReactApp\Backend\api\views.py changed, reloading.
2023-12-22 11:53:37,929-[INFO] [MainThread] (autoreload:266) D:\allprojects\OMSReactApp\Backend\api\views.py changed, reloading.
2023-12-22 11:53:48,651-[INFO] [MainThread] (autoreload:266) D:\allprojects\OMSReactApp\Backend\api\views.py changed, reloading.
2023-12-22 11:53:53,269-[INFO] [MainThread] (autoreload:266) D:\allprojects\OMSReactApp\Backend\api\views.py changed, reloading.
2023-12-22 11:54:01,827-[INFO] [MainThread] (autoreload:266) D:\allprojects\OMSReactApp\Backend\api\views.py changed, reloading.
2023-12-22 11:54:05,327-[INFO] [MainThread] (autoreload:266) D:\allprojects\OMSReactApp\Backend\api\views.py changed, reloading.
2023-12-22 11:54:39,202-[INFO] [MainThread] (autoreload:266) D:\allprojects\OMSReactApp\Backend\api\views.py changed, reloading.
2023-12-22 11:54:51,493-[INFO] [MainThread] (autoreload:266) D:\allprojects\OMSReactApp\Backend\api\views.py changed, reloading.
2023-12-22 11:54:57,024-[INFO] [MainThread] (autoreload:266) D:\allprojects\OMSReactApp\Backend\api\views.py changed, reloading.
2023-12-22 11:55:13,451-[INFO] [MainThread] (autoreload:266) D:\allprojects\OMSReactApp\Backend\api\views.py changed, reloading.
2023-12-22 11:55:16,952-[INFO] [MainThread] (autoreload:266) D:\allprojects\OMSReactApp\Backend\api\views.py changed, reloading.
2023-12-22 11:55:22,392-[INFO] [MainThread] (autoreload:266) D:\allprojects\OMSReactApp\Backend\api\views.py changed, reloading.
2023-12-22 11:55:28,147-[INFO] [MainThread] (autoreload:266) D:\allprojects\OMSReactApp\Backend\api\views.py changed, reloading.
2023-12-22 11:55:33,503-[INFO] [MainThread] (autoreload:266) D:\allprojects\OMSReactApp\Backend\api\views.py changed, reloading.
2023-12-22 11:55:42,310-[INFO] [MainThread] (autoreload:266) D:\allprojects\OMSReactApp\Backend\api\views.py changed, reloading.
2023-12-22 11:55:49,964-[INFO] [MainThread] (autoreload:266) D:\allprojects\OMSReactApp\Backend\api\views.py changed, reloading.
2023-12-22 11:56:01,000-[INFO] [MainThread] (autoreload:266) D:\allprojects\OMSReactApp\Backend\api\views.py changed, reloading.
2023-12-22 11:56:16,286-[INFO] [MainThread] (autoreload:266) D:\allprojects\OMSReactApp\Backend\api\views.py changed, reloading.
2023-12-22 11:56:20,164-[INFO] [MainThread] (autoreload:266) D:\allprojects\OMSReactApp\Backend\api\views.py changed, reloading.
2023-12-22 11:56:45,815-[INFO] [MainThread] (autoreload:266) D:\allprojects\OMSReactApp\Backend\api\views.py changed, reloading.
2023-12-22 11:56:51,589-[INFO] [MainThread] (autoreload:266) D:\allprojects\OMSReactApp\Backend\api\views.py changed, reloading.
2023-12-22 11:59:07,416-[INFO] [MainThread] (autoreload:266) D:\allprojects\OMSReactApp\Backend\api\views.py changed, reloading.
2023-12-22 11:59:11,222-[INFO] [MainThread] (autoreload:266) D:\allprojects\OMSReactApp\Backend\api\views.py changed, reloading.
2023-12-22 11:59:20,682-[INFO] [MainThread] (autoreload:266) D:\allprojects\OMSReactApp\Backend\api\views.py changed, reloading.
2023-12-22 12:00:38,740-[INFO] [MainThread] (views:196) printOrders is called
2023-12-22 12:00:38,853-[INFO] [MainThread] (views:199) Opening csv file to write orders.
2023-12-22 12:00:38,853-[INFO] [MainThread] (views:201) Writing data into orders.csv file
2023-12-22 12:00:38,853-[INFO] [MainThread] (views:208) Error occured during writing into csv file writing error into errors.tx
2023-12-22 12:01:38,861-[INFO] [MainThread] (views:196) printOrders is called
2023-12-22 12:01:38,861-[INFO] [MainThread] (views:199) Opening csv file to write orders.
2023-12-22 12:01:38,861-[INFO] [MainThread] (views:201) Writing data into orders.csv file
2023-12-22 12:01:38,861-[INFO] [MainThread] (views:208) Error occured during writing into csv file writing error into errors.tx
2023-12-22 12:02:38,892-[INFO] [MainThread] (views:196) printOrders is called
2023-12-22 12:02:38,892-[INFO] [MainThread] (views:199) Opening csv file to write orders.
2023-12-22 12:02:38,892-[INFO] [MainThread] (views:201) Writing data into orders.csv file
2023-12-22 12:02:38,892-[INFO] [MainThread] (views:208) Error occured during writing into csv file writing error into errors.tx
2023-12-22 12:04:23,968-[INFO] [MainThread] (views:196) printOrders is called
2023-12-22 12:04:24,062-[INFO] [MainThread] (views:199) Opening csv file to write orders.
2023-12-22 12:04:24,062-[INFO] [MainThread] (views:201) Writing data into orders.csv file
2023-12-22 12:05:24,075-[INFO] [MainThread] (views:196) printOrders is called
2023-12-22 12:05:24,075-[INFO] [MainThread] (views:199) Opening csv file to write orders.
2023-12-22 12:05:24,083-[INFO] [MainThread] (views:201) Writing data into orders.csv file
2023-12-22 12:06:24,093-[INFO] [MainThread] (views:196) printOrders is called
2023-12-22 12:06:24,093-[INFO] [MainThread] (views:199) Opening csv file to write orders.
2023-12-22 12:06:24,093-[INFO] [MainThread] (views:201) Writing data into orders.csv file
2023-12-22 12:24:59,785-[INFO] [MainThread] (base:181) Scheduler started
2023-12-22 12:24:59,785-[INFO] [MainThread] (base:895) Added job "printOrders" to job store "default"
2023-12-22 12:25:48,659-[INFO] [Thread-1 (process_request_thread)] (views:21) api get_orders is called.
2023-12-22 12:25:48,659-[INFO] [Thread-1 (process_request_thread)] (views:28) Can't find records with given id bhargav, proceeding to find records with username.
2023-12-22 12:25:48,747-[INFO] [Thread-1 (process_request_thread)] (views:35) Records found with given username bhargav.
2023-12-22 12:25:48,747-[INFO] [Thread-1 (process_request_thread)] (views:48) GET method is triggered.
2023-12-22 12:25:48,747-[INFO] [Thread-1 (process_request_thread)] (views:60) Returning records with given id/username-bhargav
2023-12-22 12:25:48,754-[INFO] [Thread-1 (process_request_thread)] (views:21) api get_orders is called.
2023-12-22 12:25:48,754-[INFO] [Thread-1 (process_request_thread)] (views:28) Can't find records with given id bhargav, proceeding to find records with username.
2023-12-22 12:25:48,870-[INFO] [Thread-1 (process_request_thread)] (views:35) Records found with given username bhargav.
2023-12-22 12:25:48,870-[INFO] [Thread-1 (process_request_thread)] (views:48) GET method is triggered.
2023-12-22 12:25:48,870-[INFO] [Thread-1 (process_request_thread)] (views:60) Returning records with given id/username-bhargav
2023-12-22 12:32:44,846-[INFO] [MainThread] (autoreload:266) D:\allprojects\OMSReactApp\Backend\OMS\settings.py changed, reloading.
2023-12-22 12:33:25,298-[INFO] [MainThread] (base:181) Scheduler started
2023-12-22 12:33:25,300-[INFO] [MainThread] (base:895) Added job "printOrders" to job store "default"
2023-12-22 12:33:49,694-[INFO] [MainThread] (autoreload:266) D:\allprojects\OMSReactApp\Backend\OMS\settings.py changed, reloading.
2023-12-22 12:33:51,520-[INFO] [MainThread] (base:181) Scheduler started
2023-12-22 12:33:51,523-[INFO] [MainThread] (base:895) Added job "printOrders" to job store "default"
2023-12-22 12:35:58,076-[INFO] [MainThread] (autoreload:266) D:\allprojects\OMSReactApp\Backend\api\views.py changed, reloading.
2023-12-22 12:35:59,956-[INFO] [MainThread] (base:181) Scheduler started
2023-12-22 12:35:59,956-[INFO] [MainThread] (base:895) Added job "printOrders" to job store "default"
2023-12-22 12:36:01,819-[INFO] [MainThread] (autoreload:266) D:\allprojects\OMSReactApp\Backend\api\views.py changed, reloading.
2023-12-22 12:36:03,533-[INFO] [MainThread] (base:181) Scheduler started
2023-12-22 12:36:03,533-[INFO] [MainThread] (base:895) Added job "printOrders" to job store "default"
2023-12-22 12:37:48,360-[INFO] [MainThread] (autoreload:266) D:\allprojects\OMSReactApp\Backend\api\views.py changed, reloading.
2023-12-22 12:37:50,322-[INFO] [MainThread] (base:181) Scheduler started
2023-12-22 12:37:50,322-[INFO] [MainThread] (base:895) Added job "printOrders" to job store "default"
2023-12-22 12:37:52,143-[INFO] [MainThread] (autoreload:266) D:\allprojects\OMSReactApp\Backend\api\views.py changed, reloading.
2023-12-22 12:38:02,790-[INFO] [MainThread] (base:181) Scheduler started
2023-12-22 12:38:02,790-[INFO] [MainThread] (base:895) Added job "printOrders" to job store "default"
2023-12-22 12:38:10,020-[INFO] [ThreadPoolExecutor-1_0] (base:123) Running job "printOrders (trigger: cron[second='10'], next run at: 2023-12-22 12:39:10 IST)" (scheduled at 2023-12-22 12:38:10+05:30)
2023-12-22 12:38:10,023-[INFO] [ThreadPoolExecutor-1_0] (views:200) printOrders is called
2023-12-22 12:38:10,110-[INFO] [ThreadPoolExecutor-1_0] (views:203) Opening csv file to write orders.
2023-12-22 12:38:10,110-[INFO] [ThreadPoolExecutor-1_0] (views:205) Writing data into orders.csv file
2023-12-22 12:38:10,110-[INFO] [ThreadPoolExecutor-1_0] (base:144) Job "printOrders (trigger: cron[second='10'], next run at: 2023-12-22 12:39:10 IST)" executed successfully
2023-12-22 12:38:52,894-[INFO] [MainThread] (autoreload:266) D:\allprojects\OMSReactApp\Backend\api\views.py changed, reloading.
2023-12-22 12:38:54,857-[INFO] [MainThread] (base:181) Scheduler started
2023-12-22 12:38:54,864-[INFO] [django-main-thread] (base:181) Scheduler started
2023-12-22 12:38:58,378-[INFO] [MainThread] (autoreload:266) D:\allprojects\OMSReactApp\Backend\api\views.py changed, reloading.
2023-12-22 12:39:00,058-[INFO] [MainThread] (base:181) Scheduler started
2023-12-22 12:39:00,058-[INFO] [MainThread] (base:895) Added job "printOrders" to job store "default"
2023-12-22 12:39:06,805-[INFO] [MainThread] (base:181) Scheduler started
2023-12-22 12:39:06,805-[INFO] [MainThread] (base:895) Added job "printOrders" to job store "default"
2023-12-22 12:40:23,593-[INFO] [MainThread] (autoreload:266) D:\allprojects\OMSReactApp\Backend\api\views.py changed, reloading.
2023-12-22 12:40:25,506-[INFO] [MainThread] (base:181) Scheduler started
2023-12-22 12:40:25,507-[INFO] [MainThread] (base:895) Added job "printOrders" to job store "default"
2023-12-22 12:41:48,726-[INFO] [MainThread] (autoreload:266) D:\allprojects\OMSReactApp\Backend\api\views.py changed, reloading.
2023-12-22 12:43:30,750-[INFO] [MainThread] (autoreload:266) D:\allprojects\OMSReactApp\Backend\api\views.py changed, reloading.
2023-12-22 12:43:34,541-[INFO] [MainThread] (autoreload:266) D:\allprojects\OMSReactApp\Backend\api\views.py changed, reloading.
2023-12-22 12:49:24,617-[INFO] [MainThread] (autoreload:266) D:\allprojects\OMSReactApp\Backend\api\urls.py changed, reloading.
2023-12-22 12:49:27,948-[INFO] [MainThread] (autoreload:266) D:\allprojects\OMSReactApp\Backend\api\urls.py changed, reloading.
2023-12-22 12:49:40,433-[INFO] [MainThread] (autoreload:266) D:\allprojects\OMSReactApp\Backend\api\urls.py changed, reloading.
2023-12-22 12:51:01,617-[INFO] [MainThread] (autoreload:266) D:\allprojects\OMSReactApp\Backend\api\schedular.py changed, reloading.
2023-12-22 12:51:59,909-[INFO] [MainThread] (autoreload:266) D:\allprojects\OMSReactApp\Backend\api\views.py changed, reloading.
2023-12-22 12:52:28,366-[INFO] [MainThread] (autoreload:266) D:\allprojects\OMSReactApp\Backend\api\views.py changed, reloading.
2023-12-22 12:52:30,206-[INFO] [MainThread] (base:454) Adding job tentatively -- it will be properly scheduled when the scheduler starts
2023-12-22 12:52:30,206-[INFO] [MainThread] (base:895) Added job "printOrders" to job store "default"
2023-12-22 12:52:30,206-[INFO] [MainThread] (base:181) Scheduler started
2023-12-22 12:53:20,016-[INFO] [ThreadPoolExecutor-1_0] (base:123) Running job "printOrders (trigger: cron[second='20'], next run at: 2023-12-22 12:54:20 IST)" (scheduled at 2023-12-22 12:53:20+05:30)
2023-12-22 12:53:20,016-[INFO] [ThreadPoolExecutor-1_0] (views:195) printOrders is called
2023-12-22 12:53:20,106-[INFO] [ThreadPoolExecutor-1_0] (views:198) Opening csv file to write orders.
2023-12-22 12:53:20,106-[INFO] [ThreadPoolExecutor-1_0] (views:200) Writing data into orders.csv file
2023-12-22 12:53:20,106-[INFO] [ThreadPoolExecutor-1_0] (base:144) Job "printOrders (trigger: cron[second='20'], next run at: 2023-12-22 12:54:20 IST)" executed successfully
2023-12-22 12:54:20,010-[INFO] [ThreadPoolExecutor-1_0] (base:123) Running job "printOrders (trigger: cron[second='20'], next run at: 2023-12-22 12:55:20 IST)" (scheduled at 2023-12-22 12:54:20+05:30)
2023-12-22 12:54:20,010-[INFO] [ThreadPoolExecutor-1_0] (views:195) printOrders is called
2023-12-22 12:54:20,012-[INFO] [ThreadPoolExecutor-1_0] (views:198) Opening csv file to write orders.
2023-12-22 12:54:20,012-[INFO] [ThreadPoolExecutor-1_0] (views:200) Writing data into orders.csv file
2023-12-22 12:54:20,012-[INFO] [ThreadPoolExecutor-1_0] (base:144) Job "printOrders (trigger: cron[second='20'], next run at: 2023-12-22 12:55:20 IST)" executed successfully
2023-12-22 12:55:20,008-[INFO] [ThreadPoolExecutor-1_0] (base:123) Running job "printOrders (trigger: cron[second='20'], next run at: 2023-12-22 12:56:20 IST)" (scheduled at 2023-12-22 12:55:20+05:30)
2023-12-22 12:55:20,009-[INFO] [ThreadPoolExecutor-1_0] (views:195) printOrders is called
2023-12-22 12:55:20,009-[INFO] [ThreadPoolExecutor-1_0] (views:198) Opening csv file to write orders.
2023-12-22 12:55:20,025-[INFO] [ThreadPoolExecutor-1_0] (views:200) Writing data into orders.csv file
2023-12-22 12:55:20,025-[INFO] [ThreadPoolExecutor-1_0] (base:144) Job "printOrders (trigger: cron[second='20'], next run at: 2023-12-22 12:56:20 IST)" executed successfully
2023-12-22 12:56:41,883-[INFO] [MainThread] (base:454) Adding job tentatively -- it will be properly scheduled when the scheduler starts
2023-12-22 12:56:41,883-[INFO] [MainThread] (base:895) Added job "printOrders" to job store "default"
2023-12-22 12:56:41,883-[INFO] [MainThread] (base:181) Scheduler started
2023-12-22 13:01:20,006-[INFO] [ThreadPoolExecutor-1_0] (base:123) Running job "printOrders (trigger: cron[minute='1', second='20'], next run at: 2023-12-22 14:01:20 IST)" (scheduled at 2023-12-22 13:01:20+05:30)
2023-12-22 13:01:20,009-[INFO] [ThreadPoolExecutor-1_0] (views:195) printOrders is called
2023-12-22 13:01:20,054-[INFO] [ThreadPoolExecutor-1_0] (views:198) Opening csv file to write orders.
2023-12-22 13:01:20,054-[INFO] [ThreadPoolExecutor-1_0] (views:200) Writing data into orders.csv file
2023-12-22 13:01:20,054-[INFO] [ThreadPoolExecutor-1_0] (base:144) Job "printOrders (trigger: cron[minute='1', second='20'], next run at: 2023-12-22 14:01:20 IST)" executed successfully
2023-12-22 13:07:36,950-[INFO] [MainThread] (autoreload:266) D:\allprojects\OMSReactApp\Backend\api\views.py changed, reloading.
2023-12-22 13:07:37,831-[INFO] [MainThread] (base:454) Adding job tentatively -- it will be properly scheduled when the scheduler starts
2023-12-22 13:07:37,831-[INFO] [MainThread] (base:895) Added job "printOrders" to job store "default"
2023-12-22 13:07:37,831-[INFO] [MainThread] (base:181) Scheduler started
2023-12-22 13:07:39,204-[INFO] [MainThread] (autoreload:266) D:\allprojects\OMSReactApp\Backend\api\views.py changed, reloading.
2023-12-22 13:08:00,902-[INFO] [MainThread] (autoreload:266) D:\allprojects\OMSReactApp\Backend\api\views.py changed, reloading.
2023-12-22 13:08:05,226-[INFO] [MainThread] (autoreload:266) D:\allprojects\OMSReactApp\Backend\api\views.py changed, reloading.
2023-12-22 13:08:19,634-[INFO] [MainThread] (base:454) Adding job tentatively -- it will be properly scheduled when the scheduler starts
2023-12-22 13:08:19,635-[INFO] [MainThread] (base:895) Added job "printOrders" to job store "default"
2023-12-22 13:08:19,635-[INFO] [MainThread] (base:181) Scheduler started
2023-12-23 11:48:51,474-[INFO] [MainThread] (base:454) Adding job tentatively -- it will be properly scheduled when the scheduler starts
2023-12-23 11:48:51,475-[INFO] [MainThread] (base:895) Added job "printOrders" to job store "default"
2023-12-23 11:48:51,475-[INFO] [MainThread] (base:181) Scheduler started
2023-12-23 11:55:55,848-[INFO] [MainThread] (autoreload:266) D:\allprojects\OMSReactApp\Backend\api\views.py changed, reloading.
2023-12-23 11:55:58,123-[INFO] [MainThread] (base:454) Adding job tentatively -- it will be properly scheduled when the scheduler starts
2023-12-23 11:55:58,123-[INFO] [MainThread] (base:895) Added job "printOrders" to job store "default"
2023-12-23 11:55:58,123-[INFO] [MainThread] (base:181) Scheduler started
2023-12-23 11:56:07,580-[INFO] [MainThread] (autoreload:266) D:\allprojects\OMSReactApp\Backend\api\views.py changed, reloading.
2023-12-23 11:56:15,803-[INFO] [MainThread] (base:454) Adding job tentatively -- it will be properly scheduled when the scheduler starts
2023-12-23 11:56:15,803-[INFO] [MainThread] (base:895) Added job "printOrders" to job store "default"
2023-12-23 11:56:15,803-[INFO] [MainThread] (base:181) Scheduler started
